<?xml version="1.0" encoding="UTF-8"?>
<testsuite xmlns:xsi="http://www.w3.org/2001/XMLSchema-instance" xsi:noNamespaceSchemaLocation="https://maven.apache.org/surefire/maven-surefire-plugin/xsd/surefire-test-report.xsd" name="hu.csaszi.gameengine.render.graphics.gui.GUIManagerTests" time="0.04" tests="7" errors="0" skipped="0" failures="0">
  <properties>
[...]
</properties>
  <testcase name="testAdd" classname="hu.csaszi.gameengine.render.graphics.gui.GUIManagerTests" time="0"/>
  <testcase name="testFlush" classname="hu.csaszi.gameengine.render.graphics.gui.GUIManagerTests" time="0"/>
  <testcase name="testGetObjectNotNull" classname="hu.csaszi.gameengine.render.graphics.gui.GUIManagerTests" time="0"/>
  <testcase name="testGetObjectEmpty" classname="hu.csaszi.gameengine.render.graphics.gui.GUIManagerTests" time="0"/>
  <testcase name="testRemove" classname="hu.csaszi.gameengine.render.graphics.gui.GUIManagerTests" time="0.001"/>
  <testcase name="testRender" classname="hu.csaszi.gameengine.render.graphics.gui.GUIManagerTests" time="0.038"/>
  <testcase name="testUpdate" classname="hu.csaszi.gameengine.render.graphics.gui.GUIManagerTests" time="0"/>
</testsuite>